18.2.2024, 16:41:20 - INFO - server listening on port 3000
18.2.2024, 16:41:28 - INFO - server listening on port 3000
18.2.2024, 16:42:12 - INFO - server listening on port 3000
18.2.2024, 16:42:12 - INFO - server listening on port 3000
18.2.2024, 16:43:06 - INFO - server listening on port 3000
18.2.2024, 16:43:41 - INFO - server listening on port 3000
18.2.2024, 17:33:26 - INFO - server listening on port 3000
18.2.2024, 17:41:11 - INFO - server listening on port 3000
18.2.2024, 17:41:57 - INFO - server listening on port 3000
18.2.2024, 17:42:39 - INFO - server listening on port 3000
18.2.2024, 17:45:19 - INFO - Fetching codeBlocks
18.2.2024, 17:45:21 - INFO - Fetching codeBlocks
18.2.2024, 18:05:30 - INFO - server listening on port 3000
18.2.2024, 18:05:30 - INFO - server listening on port 3000
18.2.2024, 18:07:45 - INFO - server listening on port 3000
18.2.2024, 18:07:48 - INFO - server listening on port 3000
18.2.2024, 18:07:59 - INFO - server listening on port 3000
18.2.2024, 18:09:01 - INFO - server listening on port 3000
18.2.2024, 18:09:45 - INFO - server listening on port 3000
18.2.2024, 18:10:40 - INFO - server listening on port 3000
18.2.2024, 18:13:37 - INFO - server listening on port 3000
18.2.2024, 18:13:41 - INFO - server listening on port 3000
18.2.2024, 18:13:52 - INFO - server listening on port 3000
18.2.2024, 18:13:57 - INFO - Fetching codeBlocks for id:  | 1
18.2.2024, 18:58:38 - INFO - server listening on port 3000
18.2.2024, 18:59:43 - INFO - server listening on port 3000
18.2.2024, 19:13:46 - INFO - server listening on port 3000
18.2.2024, 19:17:28 - INFO - server listening on port 3000
18.2.2024, 19:17:31 - INFO - server listening on port 3000
19.2.2024, 13:32:06 - INFO - server listening on port 3000
19.2.2024, 13:36:33 - INFO - server listening on port 3000
19.2.2024, 13:36:41 - INFO - server listening on port 3000
19.2.2024, 13:36:49 - ERROR - Failed to get codeBlock | ReferenceError: logger is not defined
19.2.2024, 13:37:35 - INFO - server listening on port 3000
19.2.2024, 13:37:49 - ERROR - Cannot Connect to DB | TypeError: MongoClient.connect is not a function
19.2.2024, 13:37:49 - ERROR - Failed to get Mongo collection | TypeError: MongoClient.connect is not a function
19.2.2024, 13:37:49 - ERROR - Failed to get codeBlock | TypeError: MongoClient.connect is not a function
19.2.2024, 13:38:29 - INFO - server listening on port 3000
19.2.2024, 13:38:44 - INFO - server listening on port 3000
19.2.2024, 13:38:54 - ERROR - Cannot Connect to DB | MongoServerError: bad auth : authentication failed
19.2.2024, 13:38:54 - ERROR - Failed to get codeBlock | MongoServerError: bad auth : authentication failed
19.2.2024, 13:38:54 - ERROR - Failed to get Mongo collection | MongoServerError: bad auth : authentication failed
19.2.2024, 13:40:10 - INFO - server listening on port 3000
19.2.2024, 13:40:13 - INFO - server listening on port 3000
19.2.2024, 13:40:55 - INFO - server listening on port 3000
19.2.2024, 13:42:18 - INFO - server listening on port 3000
19.2.2024, 13:43:28 - INFO - server listening on port 3000
19.2.2024, 13:46:15 - INFO - server listening on port 3000
19.2.2024, 13:46:36 - INFO - server listening on port 3000
19.2.2024, 13:46:47 - INFO - Got codeBlock 2
19.2.2024, 13:47:47 - INFO - Got codeBlock 2
19.2.2024, 13:47:48 - INFO - Got codeBlock 2
19.2.2024, 13:49:23 - INFO - server listening on port 3000
19.2.2024, 13:49:29 - INFO - Got codeBlock 2
19.2.2024, 13:49:35 - INFO - server listening on port 3000
19.2.2024, 13:49:36 - INFO - server listening on port 3000
19.2.2024, 13:49:53 - INFO - server listening on port 3000
19.2.2024, 13:49:57 - INFO - Got codeBlock 2
19.2.2024, 13:50:46 - INFO - server listening on port 3000
19.2.2024, 13:50:56 - INFO - Got codeBlock 2
19.2.2024, 13:51:06 - INFO - server listening on port 3000
19.2.2024, 13:51:09 - INFO - server listening on port 3000
19.2.2024, 13:53:28 - INFO - server listening on port 3000
19.2.2024, 13:53:36 - INFO - Got codeBlock 2
19.2.2024, 13:54:07 - INFO - server listening on port 3000
19.2.2024, 13:54:36 - INFO - server listening on port 3000
19.2.2024, 13:54:44 - INFO - Got codeBlock 2
19.2.2024, 13:55:17 - INFO - Got codeBlock 2
19.2.2024, 13:55:29 - INFO - Got codeBlock 2
19.2.2024, 13:55:37 - INFO - Got codeBlock 2
19.2.2024, 13:55:44 - INFO - server listening on port 3000
19.2.2024, 13:56:29 - INFO - server listening on port 3000
19.2.2024, 13:56:34 - INFO - Got codeBlock 2
19.2.2024, 13:57:15 - INFO - server listening on port 3000
19.2.2024, 13:57:17 - ERROR - Cannot Connect to DB | MongoServerError: bad auth : authentication failed
19.2.2024, 13:57:17 - ERROR - Failed to get Mongo collection | MongoServerError: bad auth : authentication failed
19.2.2024, 13:57:17 - ERROR - Failed to get codeBlock | MongoServerError: bad auth : authentication failed
19.2.2024, 13:57:21 - INFO - server listening on port 3000
19.2.2024, 13:57:26 - INFO - Got codeBlock 2
19.2.2024, 13:57:51 - INFO - server listening on port 3000
19.2.2024, 13:57:58 - INFO - Got codeBlock 2
19.2.2024, 14:00:01 - INFO - server listening on port 3000
19.2.2024, 14:00:07 - INFO - Got codeBlock 2
19.2.2024, 14:00:29 - INFO - server listening on port 3000
19.2.2024, 14:00:35 - INFO - Got codeBlock 3
19.2.2024, 14:05:17 - INFO - server listening on port 3000
19.2.2024, 14:05:22 - INFO - Got codeBlock 3
19.2.2024, 14:06:12 - INFO - server listening on port 3000
19.2.2024, 14:06:16 - INFO - Got codeBlock 3
19.2.2024, 14:06:25 - INFO - server listening on port 3000
19.2.2024, 14:06:33 - INFO - server listening on port 3000
19.2.2024, 14:06:45 - INFO - server listening on port 3000
19.2.2024, 14:06:51 - INFO - Got codeBlock 3
19.2.2024, 14:07:11 - INFO - server listening on port 3000
19.2.2024, 14:07:13 - INFO - Got codeBlock 3
19.2.2024, 14:09:09 - INFO - server listening on port 3000
19.2.2024, 14:09:19 - INFO - Got codeBlock 3
19.2.2024, 14:10:53 - INFO - server listening on port 3000
19.2.2024, 14:11:06 - INFO - server listening on port 3000
19.2.2024, 14:11:11 - INFO - Got codeBlock 3
19.2.2024, 14:13:50 - INFO - server listening on port 3000
19.2.2024, 14:13:55 - INFO - Got codeBlock 3
19.2.2024, 14:14:40 - INFO - server listening on port 3000
19.2.2024, 14:14:47 - ERROR - Failed to get codeBlock | TypeError: Class constructor ObjectId cannot be invoked without 'new'
19.2.2024, 14:14:47 - ERROR - Failed to get codeBlock | TypeError: Class constructor ObjectId cannot be invoked without 'new'
19.2.2024, 14:16:37 - ERROR - Failed to get codeBlock | TypeError: Class constructor ObjectId cannot be invoked without 'new'
19.2.2024, 14:16:37 - ERROR - Failed to get codeBlock | TypeError: Class constructor ObjectId cannot be invoked without 'new'
19.2.2024, 14:16:45 - INFO - server listening on port 3000
19.2.2024, 14:16:49 - INFO - Got codeBlock 3
19.2.2024, 14:18:16 - INFO - server listening on port 3000
19.2.2024, 14:18:18 - INFO - server listening on port 3000
19.2.2024, 14:18:37 - INFO - server listening on port 3000
19.2.2024, 14:18:43 - INFO - server listening on port 3000
19.2.2024, 14:18:48 - INFO - Got codeBlock 3
19.2.2024, 14:18:52 - INFO - server listening on port 3000
19.2.2024, 14:18:59 - INFO - Got codeBlock 3
19.2.2024, 14:21:08 - INFO - Got codeBlock 3
19.2.2024, 14:21:15 - INFO - Got codeBlock 3
19.2.2024, 14:21:21 - INFO - Got codeBlock 3
19.2.2024, 14:22:35 - INFO - Got codeBlock 3
19.2.2024, 14:22:52 - INFO - Got codeBlock 3
19.2.2024, 14:23:13 - INFO - Got codeBlock 3
19.2.2024, 14:23:17 - INFO - Got codeBlock 3
19.2.2024, 14:23:24 - INFO - Got codeBlock 3
19.2.2024, 14:23:32 - INFO - Got codeBlock 3
19.2.2024, 14:23:33 - INFO - Got codeBlock 3
19.2.2024, 14:23:40 - INFO - Got codeBlock 3
19.2.2024, 14:23:54 - INFO - Got codeBlock 3
19.2.2024, 14:27:23 - INFO - Got codeBlock 3
19.2.2024, 14:27:45 - INFO - Got codeBlock 3
19.2.2024, 14:29:06 - INFO - Got codeBlock 3
19.2.2024, 14:29:13 - INFO - Got codeBlock 3
19.2.2024, 14:29:34 - INFO - Got codeBlock 3
19.2.2024, 14:29:38 - INFO - Got codeBlock 3
19.2.2024, 14:29:40 - INFO - Got codeBlock 2
19.2.2024, 14:30:06 - INFO - server listening on port 3000
19.2.2024, 14:30:11 - INFO - server listening on port 3000
19.2.2024, 14:30:21 - INFO - server listening on port 3000
19.2.2024, 14:30:24 - INFO - server listening on port 3000
19.2.2024, 14:32:52 - INFO - server listening on port 3000
19.2.2024, 14:32:55 - INFO - Got codeBlock 2
19.2.2024, 14:32:58 - INFO - Got codeBlock 2
19.2.2024, 14:33:07 - INFO - Got codeBlock 2
19.2.2024, 14:33:10 - INFO - Got codeBlock 1
19.2.2024, 14:33:16 - INFO - Got codeBlock 1
19.2.2024, 14:33:45 - INFO - server listening on port 3000
19.2.2024, 14:33:47 - INFO - Got codeBlock 1
19.2.2024, 14:34:08 - INFO - server listening on port 3000
19.2.2024, 14:34:28 - INFO - server listening on port 3000
19.2.2024, 14:35:07 - INFO - Got codeBlock 1
19.2.2024, 14:35:52 - INFO - server listening on port 3000
19.2.2024, 14:35:56 - INFO - Got codeBlock 1
19.2.2024, 14:39:11 - INFO - server listening on port 3000
19.2.2024, 14:39:25 - INFO - server listening on port 3000
19.2.2024, 14:39:31 - INFO - Got codeBlock 1
19.2.2024, 14:39:43 - INFO - server listening on port 3000
19.2.2024, 14:44:52 - INFO - server listening on port 3000
19.2.2024, 14:46:08 - INFO - server listening on port 3000
19.2.2024, 14:46:24 - INFO - Got codeBlock 1
19.2.2024, 14:46:49 - INFO - server listening on port 3000
19.2.2024, 14:46:53 - INFO - Got codeBlock 1
19.2.2024, 14:48:06 - INFO - server listening on port 3000
19.2.2024, 15:07:48 - INFO - Got codeBlock 1
19.2.2024, 15:08:21 - INFO - Got codeBlock 1
19.2.2024, 15:08:29 - INFO - Got codeBlock 1
19.2.2024, 15:08:42 - INFO - Got codeBlock 1
19.2.2024, 15:08:50 - INFO - Got codeBlock 1
19.2.2024, 15:08:58 - INFO - Got codeBlock 1
19.2.2024, 15:09:09 - INFO - Got codeBlock 1
19.2.2024, 15:12:11 - INFO - Got codeBlock 1
19.2.2024, 15:12:13 - INFO - Got codeBlock 1
19.2.2024, 15:12:49 - INFO - Got codeBlock 1
19.2.2024, 15:12:57 - INFO - Got codeBlock 1
19.2.2024, 15:13:04 - INFO - Got codeBlock 1
19.2.2024, 15:13:13 - INFO - Got codeBlock 1
19.2.2024, 15:13:20 - INFO - Got codeBlock 1
19.2.2024, 15:13:49 - INFO - Got codeBlock 1
19.2.2024, 15:13:57 - INFO - Got codeBlock 1
19.2.2024, 15:14:08 - INFO - Got codeBlock 1
19.2.2024, 15:14:12 - INFO - Got codeBlock 1
19.2.2024, 15:14:13 - INFO - Got codeBlock 1
19.2.2024, 15:14:19 - INFO - Got codeBlock 1
19.2.2024, 15:14:24 - INFO - Got codeBlock 1
19.2.2024, 15:15:09 - INFO - Got codeBlock 1
19.2.2024, 15:15:41 - INFO - Got codeBlock 1
19.2.2024, 15:16:16 - INFO - Got codeBlock 1
19.2.2024, 15:17:32 - INFO - Got codeBlock 2
19.2.2024, 15:18:22 - INFO - Got codeBlock 2
19.2.2024, 15:19:01 - INFO - Got codeBlock 2
19.2.2024, 15:19:03 - INFO - Got codeBlock 2
19.2.2024, 15:19:14 - INFO - Got codeBlock 2
19.2.2024, 15:19:24 - INFO - Got codeBlock 2
19.2.2024, 15:19:26 - INFO - Got codeBlock 1
19.2.2024, 15:19:44 - INFO - Got codeBlock 1
19.2.2024, 15:19:47 - INFO - Got codeBlock 1
19.2.2024, 15:19:50 - INFO - Got codeBlock 1
19.2.2024, 15:20:57 - INFO - Got codeBlock 1
19.2.2024, 15:21:00 - INFO - Got codeBlock 1
19.2.2024, 15:21:15 - INFO - Got codeBlock 1
19.2.2024, 15:21:36 - INFO - Got codeBlock 1
19.2.2024, 15:21:43 - INFO - Got codeBlock 1
19.2.2024, 15:21:51 - INFO - Got codeBlock 1
19.2.2024, 15:21:56 - INFO - Got codeBlock 1
19.2.2024, 15:22:01 - INFO - Got codeBlock 1
19.2.2024, 15:22:07 - INFO - Got codeBlock 1
19.2.2024, 15:22:11 - INFO - Got codeBlock 1
19.2.2024, 15:22:18 - INFO - Got codeBlock 1
19.2.2024, 15:22:21 - INFO - Got codeBlock 1
19.2.2024, 15:22:25 - INFO - Got codeBlock 1
19.2.2024, 15:22:28 - INFO - Got codeBlock 1
19.2.2024, 15:22:34 - INFO - Got codeBlock 1
19.2.2024, 15:22:36 - INFO - Got codeBlock 1
19.2.2024, 15:23:02 - INFO - Got codeBlock 1
19.2.2024, 15:23:38 - INFO - Got codeBlock 1
19.2.2024, 15:24:03 - INFO - Got codeBlock 1
19.2.2024, 15:24:15 - INFO - Got codeBlock 1
19.2.2024, 15:24:31 - INFO - Got codeBlock 1
19.2.2024, 15:24:39 - INFO - Got codeBlock 1
19.2.2024, 15:24:40 - INFO - Got codeBlock 1
19.2.2024, 15:28:20 - INFO - Got codeBlock 1
19.2.2024, 15:28:31 - INFO - Got codeBlock 1
19.2.2024, 15:28:36 - INFO - Got codeBlock 1
19.2.2024, 15:28:39 - INFO - Got codeBlock 1
19.2.2024, 15:28:44 - INFO - Got codeBlock 1
19.2.2024, 15:28:47 - INFO - Got codeBlock 1
19.2.2024, 15:29:05 - INFO - Got codeBlock 1
19.2.2024, 15:29:06 - INFO - Got codeBlock 1
19.2.2024, 15:29:15 - INFO - Got codeBlock 1
19.2.2024, 15:29:29 - INFO - Got codeBlock 1
19.2.2024, 15:29:33 - INFO - Got codeBlock 1
19.2.2024, 15:29:44 - INFO - Got codeBlock 1
19.2.2024, 15:29:57 - INFO - Got codeBlock 1
19.2.2024, 15:30:03 - INFO - Got codeBlock 1
19.2.2024, 15:30:11 - INFO - Got codeBlock 1
19.2.2024, 15:30:11 - INFO - Got codeBlock 1
19.2.2024, 15:30:15 - INFO - Got codeBlock 1
19.2.2024, 15:30:30 - INFO - Got codeBlock 1
19.2.2024, 15:30:50 - INFO - Got codeBlock 1
19.2.2024, 15:30:55 - INFO - Got codeBlock 1
19.2.2024, 15:30:58 - INFO - Got codeBlock 1
19.2.2024, 15:31:17 - INFO - Got codeBlock 1
19.2.2024, 15:31:26 - INFO - Got codeBlock 1
19.2.2024, 15:31:30 - INFO - Got codeBlock 1
19.2.2024, 15:31:38 - INFO - Got codeBlock 1
19.2.2024, 15:31:54 - INFO - Got codeBlock 1
19.2.2024, 15:31:57 - INFO - Got codeBlock 1
19.2.2024, 15:32:00 - INFO - Got codeBlock 1
19.2.2024, 15:32:01 - INFO - Got codeBlock 1
19.2.2024, 15:32:10 - INFO - Got codeBlock 1
19.2.2024, 15:32:21 - INFO - Got codeBlock 1
19.2.2024, 15:32:30 - INFO - Got codeBlock 1
19.2.2024, 15:33:01 - INFO - Got codeBlock 1
19.2.2024, 15:33:19 - INFO - Got codeBlock 1
19.2.2024, 15:34:14 - INFO - Got codeBlock 1
19.2.2024, 15:34:19 - INFO - Got codeBlock 1
19.2.2024, 15:34:30 - INFO - Got codeBlock 1
19.2.2024, 15:34:42 - INFO - Got codeBlock 1
19.2.2024, 15:34:52 - INFO - Got codeBlock 1
19.2.2024, 15:34:54 - INFO - Got codeBlock 1
19.2.2024, 15:34:59 - INFO - Got codeBlock 1
19.2.2024, 15:35:05 - INFO - Got codeBlock 1
19.2.2024, 15:35:08 - INFO - Got codeBlock 1
19.2.2024, 15:35:10 - INFO - Got codeBlock 1
19.2.2024, 15:35:19 - INFO - Got codeBlock 1
19.2.2024, 15:35:23 - INFO - Got codeBlock 1
19.2.2024, 15:35:24 - INFO - Got codeBlock 1
19.2.2024, 15:35:30 - INFO - Got codeBlock 1
19.2.2024, 15:35:38 - INFO - Got codeBlock 1
19.2.2024, 15:36:22 - INFO - Got codeBlock 1
19.2.2024, 15:36:30 - INFO - Got codeBlock 1
19.2.2024, 15:36:36 - INFO - Got codeBlock 1
19.2.2024, 15:36:47 - INFO - Got codeBlock 1
19.2.2024, 15:36:55 - INFO - Got codeBlock 1
19.2.2024, 15:37:00 - INFO - Got codeBlock 1
19.2.2024, 15:37:06 - INFO - Got codeBlock 1
19.2.2024, 15:37:08 - INFO - Got codeBlock 1
19.2.2024, 15:37:21 - INFO - Got codeBlock 1
19.2.2024, 15:37:26 - INFO - Got codeBlock 1
19.2.2024, 15:37:32 - INFO - Got codeBlock 1
19.2.2024, 15:38:32 - INFO - Got codeBlock 1
19.2.2024, 15:47:12 - INFO - server listening on port 3000
19.2.2024, 15:47:30 - INFO - server listening on port 3000
19.2.2024, 15:47:54 - INFO - server listening on port 3000
19.2.2024, 15:48:52 - INFO - Got codeBlock 1
19.2.2024, 15:56:19 - INFO - server listening on port 3000
19.2.2024, 15:56:57 - INFO - Got codeBlock 1
19.2.2024, 15:57:17 - INFO - Got codeBlock 1
19.2.2024, 15:58:39 - INFO - server listening on port 3001
19.2.2024, 15:58:53 - INFO - server listening on port 3000
19.2.2024, 15:59:17 - INFO - server listening on port 3000
19.2.2024, 15:59:22 - INFO - Got codeBlock 1
19.2.2024, 16:01:35 - INFO - Got codeBlock 1
19.2.2024, 16:01:39 - INFO - Got codeBlock 1
19.2.2024, 16:01:42 - INFO - Got codeBlock 2
19.2.2024, 16:03:33 - INFO - Got codeBlock 2
19.2.2024, 16:04:13 - INFO - Got codeBlock 2
19.2.2024, 16:05:10 - INFO - Got codeBlock 2
19.2.2024, 16:05:24 - INFO - Got codeBlock 2
19.2.2024, 16:05:26 - INFO - Got codeBlock 3
19.2.2024, 16:05:42 - INFO - Got codeBlock 3
19.2.2024, 16:05:45 - INFO - Got codeBlock 3
19.2.2024, 16:05:54 - INFO - Got codeBlock 1
19.2.2024, 16:06:25 - INFO - Got codeBlock 1
19.2.2024, 16:06:29 - INFO - Got codeBlock 3
19.2.2024, 16:06:53 - INFO - Got codeBlock 3
19.2.2024, 16:06:57 - INFO - Got codeBlock 4
19.2.2024, 16:07:08 - INFO - Got codeBlock 1
19.2.2024, 16:07:12 - INFO - Got codeBlock 2
19.2.2024, 16:08:58 - INFO - Got codeBlock 1
19.2.2024, 16:08:59 - INFO - Got codeBlock 2
19.2.2024, 16:09:01 - INFO - Got codeBlock 3
19.2.2024, 16:09:48 - INFO - server listening on port 3000
19.2.2024, 16:27:35 - INFO - Got codeBlock 4
19.2.2024, 16:27:37 - INFO - Got codeBlock 3
19.2.2024, 16:28:00 - INFO - Got codeBlock 3
19.2.2024, 16:28:10 - INFO - Got codeBlock 3
19.2.2024, 16:28:15 - INFO - Got codeBlock 3
19.2.2024, 16:28:23 - INFO - Got codeBlock 3
19.2.2024, 16:28:27 - INFO - Got codeBlock 3
19.2.2024, 16:28:44 - INFO - Got codeBlock 3
19.2.2024, 16:28:51 - INFO - Got codeBlock 3
19.2.2024, 16:28:57 - INFO - Got codeBlock 3
19.2.2024, 16:28:59 - INFO - Got codeBlock 3
19.2.2024, 16:29:00 - INFO - Got codeBlock 3
19.2.2024, 16:31:17 - INFO - Got codeBlock 3
19.2.2024, 16:31:49 - INFO - server listening on port 3000
19.2.2024, 16:34:18 - INFO - Got codeBlock 3
19.2.2024, 16:34:21 - INFO - server listening on port 3000
19.2.2024, 16:35:49 - INFO - Got codeBlock 3
19.2.2024, 16:36:48 - INFO - Got codeBlock 3
19.2.2024, 16:36:53 - INFO - Got codeBlock 2
19.2.2024, 16:37:03 - INFO - Got codeBlock 3
19.2.2024, 16:37:37 - INFO - Got codeBlock 2
19.2.2024, 16:39:23 - INFO - server listening on port 3000
